2026-06-09 01:04:27: ValidationError: The 'X-Forwarded-For' header is set but the Express 'trust proxy' setting is false (default). This could indicate a misconfiguration which would prevent express-rate-limit from accurately identifying users. See https://express-rate-limit.github.io/ERR_ERL_UNEXPECTED_X_FORWARDED_FOR/ for more information.
    at Object.xForwardedForHeader (/mnt/almacenamiento/server/entrega_de_fotos/node_modules/express-rate-limit/dist/index.cjs:185:13)
    at wrappedValidations.<computed> [as xForwardedForHeader] (/mnt/almacenamiento/server/entrega_de_fotos/node_modules/express-rate-limit/dist/index.cjs:397:22)
    at Object.keyGenerator (/mnt/almacenamiento/server/entrega_de_fotos/node_modules/express-rate-limit/dist/index.cjs:658:20)
    at /mnt/almacenamiento/server/entrega_de_fotos/node_modules/express-rate-limit/dist/index.cjs:710:32
    at process.processTicksAndRejections (node:internal/process/task_queues:95:5)
    at async /mnt/almacenamiento/server/entrega_de_fotos/node_modules/express-rate-limit/dist/index.cjs:691:5 {
  code: 'ERR_ERL_UNEXPECTED_X_FORWARDED_FOR',
  help: 'https://express-rate-limit.github.io/ERR_ERL_UNEXPECTED_X_FORWARDED_FOR/'
}
2026-06-09 01:48:45: ValidationError: The 'X-Forwarded-For' header is set but the Express 'trust proxy' setting is false (default). This could indicate a misconfiguration which would prevent express-rate-limit from accurately identifying users. See https://express-rate-limit.github.io/ERR_ERL_UNEXPECTED_X_FORWARDED_FOR/ for more information.
    at Object.xForwardedForHeader (/mnt/almacenamiento/server/entrega_de_fotos/node_modules/express-rate-limit/dist/index.cjs:185:13)
    at wrappedValidations.<computed> [as xForwardedForHeader] (/mnt/almacenamiento/server/entrega_de_fotos/node_modules/express-rate-limit/dist/index.cjs:397:22)
    at Object.keyGenerator (/mnt/almacenamiento/server/entrega_de_fotos/node_modules/express-rate-limit/dist/index.cjs:658:20)
    at /mnt/almacenamiento/server/entrega_de_fotos/node_modules/express-rate-limit/dist/index.cjs:710:32
    at process.processTicksAndRejections (node:internal/process/task_queues:95:5)
    at async /mnt/almacenamiento/server/entrega_de_fotos/node_modules/express-rate-limit/dist/index.cjs:691:5 {
  code: 'ERR_ERL_UNEXPECTED_X_FORWARDED_FOR',
  help: 'https://express-rate-limit.github.io/ERR_ERL_UNEXPECTED_X_FORWARDED_FOR/'
}
2026-06-09 01:50:22: ValidationError: The 'X-Forwarded-For' header is set but the Express 'trust proxy' setting is false (default). This could indicate a misconfiguration which would prevent express-rate-limit from accurately identifying users. See https://express-rate-limit.github.io/ERR_ERL_UNEXPECTED_X_FORWARDED_FOR/ for more information.
    at Object.xForwardedForHeader (/mnt/almacenamiento/server/entrega_de_fotos/node_modules/express-rate-limit/dist/index.cjs:185:13)
    at wrappedValidations.<computed> [as xForwardedForHeader] (/mnt/almacenamiento/server/entrega_de_fotos/node_modules/express-rate-limit/dist/index.cjs:397:22)
    at Object.keyGenerator (/mnt/almacenamiento/server/entrega_de_fotos/node_modules/express-rate-limit/dist/index.cjs:658:20)
    at /mnt/almacenamiento/server/entrega_de_fotos/node_modules/express-rate-limit/dist/index.cjs:710:32
    at process.processTicksAndRejections (node:internal/process/task_queues:95:5)
    at async /mnt/almacenamiento/server/entrega_de_fotos/node_modules/express-rate-limit/dist/index.cjs:691:5 {
  code: 'ERR_ERL_UNEXPECTED_X_FORWARDED_FOR',
  help: 'https://express-rate-limit.github.io/ERR_ERL_UNEXPECTED_X_FORWARDED_FOR/'
}
2026-06-09 02:00:01: ValidationError: The 'X-Forwarded-For' header is set but the Express 'trust proxy' setting is false (default). This could indicate a misconfiguration which would prevent express-rate-limit from accurately identifying users. See https://express-rate-limit.github.io/ERR_ERL_UNEXPECTED_X_FORWARDED_FOR/ for more information.
    at Object.xForwardedForHeader (/mnt/almacenamiento/server/entrega_de_fotos/node_modules/express-rate-limit/dist/index.cjs:185:13)
    at wrappedValidations.<computed> [as xForwardedForHeader] (/mnt/almacenamiento/server/entrega_de_fotos/node_modules/express-rate-limit/dist/index.cjs:397:22)
    at Object.keyGenerator (/mnt/almacenamiento/server/entrega_de_fotos/node_modules/express-rate-limit/dist/index.cjs:658:20)
    at /mnt/almacenamiento/server/entrega_de_fotos/node_modules/express-rate-limit/dist/index.cjs:710:32
    at process.processTicksAndRejections (node:internal/process/task_queues:95:5)
    at async /mnt/almacenamiento/server/entrega_de_fotos/node_modules/express-rate-limit/dist/index.cjs:691:5 {
  code: 'ERR_ERL_UNEXPECTED_X_FORWARDED_FOR',
  help: 'https://express-rate-limit.github.io/ERR_ERL_UNEXPECTED_X_FORWARDED_FOR/'
}
2026-06-09 02:22:31: ValidationError: The 'X-Forwarded-For' header is set but the Express 'trust proxy' setting is false (default). This could indicate a misconfiguration which would prevent express-rate-limit from accurately identifying users. See https://express-rate-limit.github.io/ERR_ERL_UNEXPECTED_X_FORWARDED_FOR/ for more information.
    at Object.xForwardedForHeader (/mnt/almacenamiento/server/entrega_de_fotos/node_modules/express-rate-limit/dist/index.cjs:185:13)
    at wrappedValidations.<computed> [as xForwardedForHeader] (/mnt/almacenamiento/server/entrega_de_fotos/node_modules/express-rate-limit/dist/index.cjs:397:22)
    at Object.keyGenerator (/mnt/almacenamiento/server/entrega_de_fotos/node_modules/express-rate-limit/dist/index.cjs:658:20)
    at /mnt/almacenamiento/server/entrega_de_fotos/node_modules/express-rate-limit/dist/index.cjs:710:32
    at process.processTicksAndRejections (node:internal/process/task_queues:95:5)
    at async /mnt/almacenamiento/server/entrega_de_fotos/node_modules/express-rate-limit/dist/index.cjs:691:5 {
  code: 'ERR_ERL_UNEXPECTED_X_FORWARDED_FOR',
  help: 'https://express-rate-limit.github.io/ERR_ERL_UNEXPECTED_X_FORWARDED_FOR/'
}
2026-06-09 02:38:14: ValidationError: The 'X-Forwarded-For' header is set but the Express 'trust proxy' setting is false (default). This could indicate a misconfiguration which would prevent express-rate-limit from accurately identifying users. See https://express-rate-limit.github.io/ERR_ERL_UNEXPECTED_X_FORWARDED_FOR/ for more information.
    at Object.xForwardedForHeader (/mnt/almacenamiento/server/entrega_de_fotos/node_modules/express-rate-limit/dist/index.cjs:185:13)
    at wrappedValidations.<computed> [as xForwardedForHeader] (/mnt/almacenamiento/server/entrega_de_fotos/node_modules/express-rate-limit/dist/index.cjs:397:22)
    at Object.keyGenerator (/mnt/almacenamiento/server/entrega_de_fotos/node_modules/express-rate-limit/dist/index.cjs:658:20)
    at /mnt/almacenamiento/server/entrega_de_fotos/node_modules/express-rate-limit/dist/index.cjs:710:32
    at process.processTicksAndRejections (node:internal/process/task_queues:95:5)
    at async /mnt/almacenamiento/server/entrega_de_fotos/node_modules/express-rate-limit/dist/index.cjs:691:5 {
  code: 'ERR_ERL_UNEXPECTED_X_FORWARDED_FOR',
  help: 'https://express-rate-limit.github.io/ERR_ERL_UNEXPECTED_X_FORWARDED_FOR/'
}
2026-06-11 13:31:03: [watermark] Verificacion dudosa tras 2 intento(s), se acepta: e0a595ba578b69a2.jpg
2026-06-11 13:31:31: [watermark] Verificacion dudosa tras 2 intento(s), se acepta: e0b647fdfc155f20.jpg
2026-06-11 13:35:45: [watermark] Verificacion dudosa tras 2 intento(s), se acepta: 50f8d855fe4288f2.jpg
2026-06-11 13:38:18: [watermark] Verificacion dudosa tras 2 intento(s), se acepta: 9190866b82792c49.jpg
2026-06-11 13:38:56: [watermark] Verificacion dudosa tras 2 intento(s), se acepta: 5dd625a545cd4322.jpg
2026-06-11 13:40:11: [watermark] Verificacion dudosa tras 2 intento(s), se acepta: 019bbbeb0884ad4a.jpg
2026-06-11 13:40:44: [watermark] Verificacion dudosa tras 2 intento(s), se acepta: d6ab51710e3221e2.jpg
2026-06-11 17:05:14: [watermark] Verificacion dudosa tras 2 intento(s), se acepta: e4720be9eaf08242.jpg
2026-06-11 17:05:51: [watermark] Verificacion dudosa tras 2 intento(s), se acepta: ce3f25be5db83300.jpg
2026-06-11 17:06:42: [watermark] Verificacion dudosa tras 2 intento(s), se acepta: 81d14a85eeddff8d.jpg
2026-06-11 17:07:20: [watermark] Verificacion dudosa tras 2 intento(s), se acepta: ed84bc534cb18720.jpg
2026-06-11 17:07:47: [watermark] Verificacion dudosa tras 2 intento(s), se acepta: 795d0026d05c668e.jpg
2026-06-11 17:08:10: [watermark] Verificacion dudosa tras 2 intento(s), se acepta: 0de20707ef024131.jpg
2026-06-11 17:09:26: [watermark] Verificacion dudosa tras 2 intento(s), se acepta: 3239ac0baa82db98.jpg
2026-06-11 17:10:42: [watermark] Verificacion dudosa tras 2 intento(s), se acepta: 2176d635437c627d.jpg
2026-06-11 17:11:17: [watermark] Verificacion dudosa tras 2 intento(s), se acepta: 22f5937c533490a9.jpg
2026-06-11 17:20:58: [watermark] Verificacion dudosa tras 2 intento(s), se acepta: 02f40e8b06e395d9.jpg
2026-06-11 17:21:27: [watermark] Verificacion dudosa tras 2 intento(s), se acepta: f9ecd99b89a12cfc.jpg
2026-06-11 17:49:16: [watermark] Error en 0a91b1fa1512febd.png: Input file is missing: /mnt/almacenamiento/server/entrega_de_fotos/uploads/prueba/watermarked/0a91b1fa1512febd.png
2026-06-11 17:49:24: [watermark.py] [ERROR] No existe: /mnt/almacenamiento/server/entrega_de_fotos/uploads/prueba/originals/146cc6a990920c38.png
2026-06-11 17:49:25: [watermark] Error en 146cc6a990920c38.png: watermark.py fallo (exit 1): [ERROR] No existe: /mnt/almacenamiento/server/entrega_de_fotos/uploads/prueba/originals/146cc6a990920c38.png
2026-06-11 17:49:30: [watermark.py] [ERROR] No existe: /mnt/almacenamiento/server/entrega_de_fotos/uploads/prueba/originals/f1fca9b5c4e4f534.png
2026-06-11 17:49:31: [watermark] Error en f1fca9b5c4e4f534.png: watermark.py fallo (exit 1): [ERROR] No existe: /mnt/almacenamiento/server/entrega_de_fotos/uploads/prueba/originals/f1fca9b5c4e4f534.png
2026-06-11 17:49:34: [watermark.py] [ERROR] No existe: /mnt/almacenamiento/server/entrega_de_fotos/uploads/prueba/originals/b26a8191b567bae2.png
2026-06-11 17:49:35: [watermark] Error en b26a8191b567bae2.png: watermark.py fallo (exit 1): [ERROR] No existe: /mnt/almacenamiento/server/entrega_de_fotos/uploads/prueba/originals/b26a8191b567bae2.png
2026-06-11 17:49:38: [watermark.py] [ERROR] No existe: /mnt/almacenamiento/server/entrega_de_fotos/uploads/prueba/originals/2bfc0ddb82af61f8.png
2026-06-11 17:49:39: [watermark] Error en 2bfc0ddb82af61f8.png: watermark.py fallo (exit 1): [ERROR] No existe: /mnt/almacenamiento/server/entrega_de_fotos/uploads/prueba/originals/2bfc0ddb82af61f8.png
2026-06-11 17:49:42: [watermark.py] [ERROR] No existe: /mnt/almacenamiento/server/entrega_de_fotos/uploads/prueba/originals/0633e5310e0b9c9c.png
2026-06-11 17:49:43: [watermark] Error en 0633e5310e0b9c9c.png: watermark.py fallo (exit 1): [ERROR] No existe: /mnt/almacenamiento/server/entrega_de_fotos/uploads/prueba/originals/0633e5310e0b9c9c.png
2026-06-11 17:49:46: [watermark.py] [ERROR] No existe: /mnt/almacenamiento/server/entrega_de_fotos/uploads/prueba/originals/92fb42c0bf282939.png
2026-06-11 17:49:47: [watermark] Error en 92fb42c0bf282939.png: watermark.py fallo (exit 1): [ERROR] No existe: /mnt/almacenamiento/server/entrega_de_fotos/uploads/prueba/originals/92fb42c0bf282939.png
2026-06-11 17:49:51: [watermark.py] [ERROR] No existe: /mnt/almacenamiento/server/entrega_de_fotos/uploads/prueba/originals/77683a685b04ac0d.png
2026-06-11 17:49:51: [watermark] Error en 77683a685b04ac0d.png: watermark.py fallo (exit 1): [ERROR] No existe: /mnt/almacenamiento/server/entrega_de_fotos/uploads/prueba/originals/77683a685b04ac0d.png
2026-06-11 17:49:55: [watermark.py] [ERROR] No existe: /mnt/almacenamiento/server/entrega_de_fotos/uploads/prueba/originals/dafce27cb0674481.png
2026-06-11 17:49:56: [watermark] Error en dafce27cb0674481.png: watermark.py fallo (exit 1): [ERROR] No existe: /mnt/almacenamiento/server/entrega_de_fotos/uploads/prueba/originals/dafce27cb0674481.png
2026-06-11 17:49:59: [watermark.py] [ERROR] No existe: /mnt/almacenamiento/server/entrega_de_fotos/uploads/prueba/originals/f71fb97846d2e81e.png
2026-06-11 17:50:00: [watermark] Error en f71fb97846d2e81e.png: watermark.py fallo (exit 1): [ERROR] No existe: /mnt/almacenamiento/server/entrega_de_fotos/uploads/prueba/originals/f71fb97846d2e81e.png
2026-06-11 17:50:03: [watermark.py] [ERROR] No existe: /mnt/almacenamiento/server/entrega_de_fotos/uploads/prueba/originals/1298612690e5abcb.png
2026-06-11 17:50:04: [watermark] Error en 1298612690e5abcb.png: watermark.py fallo (exit 1): [ERROR] No existe: /mnt/almacenamiento/server/entrega_de_fotos/uploads/prueba/originals/1298612690e5abcb.png
2026-06-11 17:50:08: [watermark.py] [ERROR] No existe: /mnt/almacenamiento/server/entrega_de_fotos/uploads/prueba/originals/de4bffe4e4ab0420.png
2026-06-11 17:50:09: [watermark] Error en de4bffe4e4ab0420.png: watermark.py fallo (exit 1): [ERROR] No existe: /mnt/almacenamiento/server/entrega_de_fotos/uploads/prueba/originals/de4bffe4e4ab0420.png
2026-06-11 17:50:12: [watermark.py] [ERROR] No existe: /mnt/almacenamiento/server/entrega_de_fotos/uploads/prueba/originals/b4563cc2c037fcc3.png
2026-06-11 17:50:13: [watermark] Error en b4563cc2c037fcc3.png: watermark.py fallo (exit 1): [ERROR] No existe: /mnt/almacenamiento/server/entrega_de_fotos/uploads/prueba/originals/b4563cc2c037fcc3.png
2026-06-11 17:50:16: [watermark.py] [ERROR] No existe: /mnt/almacenamiento/server/entrega_de_fotos/uploads/prueba/originals/4b861a32fbc3313c.png
2026-06-11 17:50:17: [watermark] Error en 4b861a32fbc3313c.png: watermark.py fallo (exit 1): [ERROR] No existe: /mnt/almacenamiento/server/entrega_de_fotos/uploads/prueba/originals/4b861a32fbc3313c.png
2026-06-11 17:50:20: [watermark.py] [ERROR] No existe: /mnt/almacenamiento/server/entrega_de_fotos/uploads/prueba/originals/75d787e8ecfd665a.png
2026-06-11 17:50:21: [watermark] Error en 75d787e8ecfd665a.png: watermark.py fallo (exit 1): [ERROR] No existe: /mnt/almacenamiento/server/entrega_de_fotos/uploads/prueba/originals/75d787e8ecfd665a.png
2026-06-11 17:50:28: [watermark.py] [ERROR] No existe: /mnt/almacenamiento/server/entrega_de_fotos/uploads/prueba/originals/dbef9079de75eade.png
2026-06-11 17:50:29: [watermark] Error en dbef9079de75eade.png: watermark.py fallo (exit 1): [ERROR] No existe: /mnt/almacenamiento/server/entrega_de_fotos/uploads/prueba/originals/dbef9079de75eade.png
2026-06-11 17:50:33: [watermark.py] [ERROR] No existe: /mnt/almacenamiento/server/entrega_de_fotos/uploads/prueba/originals/a2b4ff21e324bba0.png
2026-06-11 17:50:34: [watermark] Error en a2b4ff21e324bba0.png: watermark.py fallo (exit 1): [ERROR] No existe: /mnt/almacenamiento/server/entrega_de_fotos/uploads/prueba/originals/a2b4ff21e324bba0.png
2026-06-11 17:50:37: [watermark.py] [ERROR] No existe: /mnt/almacenamiento/server/entrega_de_fotos/uploads/prueba/originals/2c4f7c30dd6159dd.png
2026-06-11 17:50:38: [watermark] Error en 2c4f7c30dd6159dd.png: watermark.py fallo (exit 1): [ERROR] No existe: /mnt/almacenamiento/server/entrega_de_fotos/uploads/prueba/originals/2c4f7c30dd6159dd.png
2026-06-11 17:50:45: [watermark.py] [ERROR] No existe: /mnt/almacenamiento/server/entrega_de_fotos/uploads/prueba/originals/6c8289810fe01886.png
2026-06-11 17:50:46: [watermark] Error en 6c8289810fe01886.png: watermark.py fallo (exit 1): [ERROR] No existe: /mnt/almacenamiento/server/entrega_de_fotos/uploads/prueba/originals/6c8289810fe01886.png
2026-06-11 17:50:50: [watermark.py] [ERROR] No existe: /mnt/almacenamiento/server/entrega_de_fotos/uploads/prueba/originals/e9c0f052bae20c56.png
2026-06-11 17:50:51: [watermark] Error en e9c0f052bae20c56.png: watermark.py fallo (exit 1): [ERROR] No existe: /mnt/almacenamiento/server/entrega_de_fotos/uploads/prueba/originals/e9c0f052bae20c56.png
2026-06-11 17:50:54: [watermark.py] [ERROR] No existe: /mnt/almacenamiento/server/entrega_de_fotos/uploads/prueba/originals/c5a5b3c6c8d87897.png
2026-06-11 17:50:55: [watermark] Error en c5a5b3c6c8d87897.png: watermark.py fallo (exit 1): [ERROR] No existe: /mnt/almacenamiento/server/entrega_de_fotos/uploads/prueba/originals/c5a5b3c6c8d87897.png
2026-06-11 17:50:58: [watermark.py] [ERROR] No existe: /mnt/almacenamiento/server/entrega_de_fotos/uploads/prueba/originals/4a6f3befcc1d43bb.png
2026-06-11 17:50:59: [watermark] Error en 4a6f3befcc1d43bb.png: watermark.py fallo (exit 1): [ERROR] No existe: /mnt/almacenamiento/server/entrega_de_fotos/uploads/prueba/originals/4a6f3befcc1d43bb.png
2026-06-11 17:51:02: [watermark.py] [ERROR] No existe: /mnt/almacenamiento/server/entrega_de_fotos/uploads/prueba/originals/d624d2b1e095da0f.png
2026-06-11 17:51:03: [watermark] Error en d624d2b1e095da0f.png: watermark.py fallo (exit 1): [ERROR] No existe: /mnt/almacenamiento/server/entrega_de_fotos/uploads/prueba/originals/d624d2b1e095da0f.png
2026-06-11 17:51:07: [watermark.py] [ERROR] No existe: /mnt/almacenamiento/server/entrega_de_fotos/uploads/prueba/originals/347b9dd7d8c6a36a.png
2026-06-11 17:51:07: [watermark] Error en 347b9dd7d8c6a36a.png: watermark.py fallo (exit 1): [ERROR] No existe: /mnt/almacenamiento/server/entrega_de_fotos/uploads/prueba/originals/347b9dd7d8c6a36a.png
2026-06-11 17:51:11: [watermark.py] [ERROR] No existe: /mnt/almacenamiento/server/entrega_de_fotos/uploads/prueba/originals/74f8ae27f499b7c6.png
2026-06-11 17:51:12: [watermark] Error en 74f8ae27f499b7c6.png: watermark.py fallo (exit 1): [ERROR] No existe: /mnt/almacenamiento/server/entrega_de_fotos/uploads/prueba/originals/74f8ae27f499b7c6.png
2026-06-11 17:51:15: [watermark.py] [ERROR] No existe: /mnt/almacenamiento/server/entrega_de_fotos/uploads/prueba/originals/70e8ff3040b8774d.png
2026-06-11 17:51:16: [watermark] Error en 70e8ff3040b8774d.png: watermark.py fallo (exit 1): [ERROR] No existe: /mnt/almacenamiento/server/entrega_de_fotos/uploads/prueba/originals/70e8ff3040b8774d.png
2026-06-11 17:51:19: [watermark.py] [ERROR] No existe: /mnt/almacenamiento/server/entrega_de_fotos/uploads/prueba/originals/6c294abf20ca641e.png
2026-06-11 17:51:20: [watermark] Error en 6c294abf20ca641e.png: watermark.py fallo (exit 1): [ERROR] No existe: /mnt/almacenamiento/server/entrega_de_fotos/uploads/prueba/originals/6c294abf20ca641e.png
2026-06-11 17:51:23: [watermark.py] [ERROR] No existe: /mnt/almacenamiento/server/entrega_de_fotos/uploads/prueba/originals/4a3e2f9474bec075.png
2026-06-11 17:51:24: [watermark] Error en 4a3e2f9474bec075.png: watermark.py fallo (exit 1): [ERROR] No existe: /mnt/almacenamiento/server/entrega_de_fotos/uploads/prueba/originals/4a3e2f9474bec075.png
2026-06-11 17:51:31: [watermark.py] [ERROR] No existe: /mnt/almacenamiento/server/entrega_de_fotos/uploads/prueba/originals/9b9104fbaad63b48.png
2026-06-11 17:51:32: [watermark] Error en 9b9104fbaad63b48.png: watermark.py fallo (exit 1): [ERROR] No existe: /mnt/almacenamiento/server/entrega_de_fotos/uploads/prueba/originals/9b9104fbaad63b48.png
2026-06-11 17:51:36: [watermark.py] [ERROR] No existe: /mnt/almacenamiento/server/entrega_de_fotos/uploads/prueba/originals/3b50a38e3e9883db.png
2026-06-11 17:51:37: [watermark] Error en 3b50a38e3e9883db.png: watermark.py fallo (exit 1): [ERROR] No existe: /mnt/almacenamiento/server/entrega_de_fotos/uploads/prueba/originals/3b50a38e3e9883db.png
2026-06-11 17:51:41: [watermark.py] [ERROR] No existe: /mnt/almacenamiento/server/entrega_de_fotos/uploads/prueba/originals/6d7904ef8c78bd91.png
2026-06-11 17:51:41: [watermark] Error en 6d7904ef8c78bd91.png: watermark.py fallo (exit 1): [ERROR] No existe: /mnt/almacenamiento/server/entrega_de_fotos/uploads/prueba/originals/6d7904ef8c78bd91.png
2026-06-11 17:51:45: [watermark.py] [ERROR] No existe: /mnt/almacenamiento/server/entrega_de_fotos/uploads/prueba/originals/e6a603be70d5674a.png
2026-06-11 17:51:46: [watermark] Error en e6a603be70d5674a.png: watermark.py fallo (exit 1): [ERROR] No existe: /mnt/almacenamiento/server/entrega_de_fotos/uploads/prueba/originals/e6a603be70d5674a.png
2026-06-11 17:51:49: [watermark.py] [ERROR] No existe: /mnt/almacenamiento/server/entrega_de_fotos/uploads/prueba/originals/d65c72f7dd4e9243.png
2026-06-11 17:51:50: [watermark] Error en d65c72f7dd4e9243.png: watermark.py fallo (exit 1): [ERROR] No existe: /mnt/almacenamiento/server/entrega_de_fotos/uploads/prueba/originals/d65c72f7dd4e9243.png
2026-06-11 17:51:53: [watermark.py] [ERROR] No existe: /mnt/almacenamiento/server/entrega_de_fotos/uploads/prueba/originals/8b1ff2d4dbd92538.png
2026-06-11 17:51:54: [watermark] Error en 8b1ff2d4dbd92538.png: watermark.py fallo (exit 1): [ERROR] No existe: /mnt/almacenamiento/server/entrega_de_fotos/uploads/prueba/originals/8b1ff2d4dbd92538.png
2026-06-11 17:51:57: [watermark.py] [ERROR] No existe: /mnt/almacenamiento/server/entrega_de_fotos/uploads/prueba/originals/0fdf5c384ac597f4.png
2026-06-11 17:51:58: [watermark] Error en 0fdf5c384ac597f4.png: watermark.py fallo (exit 1): [ERROR] No existe: /mnt/almacenamiento/server/entrega_de_fotos/uploads/prueba/originals/0fdf5c384ac597f4.png
2026-06-11 17:52:02: [watermark.py] [ERROR] No existe: /mnt/almacenamiento/server/entrega_de_fotos/uploads/prueba/originals/fa921980cb3df86a.png
2026-06-11 17:52:02: [watermark] Error en fa921980cb3df86a.png: watermark.py fallo (exit 1): [ERROR] No existe: /mnt/almacenamiento/server/entrega_de_fotos/uploads/prueba/originals/fa921980cb3df86a.png
2026-06-11 17:52:06: [watermark.py] [ERROR] No existe: /mnt/almacenamiento/server/entrega_de_fotos/uploads/prueba/originals/7368f5b00ab15440.png
2026-06-11 17:52:07: [watermark] Error en 7368f5b00ab15440.png: watermark.py fallo (exit 1): [ERROR] No existe: /mnt/almacenamiento/server/entrega_de_fotos/uploads/prueba/originals/7368f5b00ab15440.png
2026-06-11 17:52:10: [watermark.py] [ERROR] No existe: /mnt/almacenamiento/server/entrega_de_fotos/uploads/prueba/originals/b5451d71042bd855.png
2026-06-11 17:52:11: [watermark] Error en b5451d71042bd855.png: watermark.py fallo (exit 1): [ERROR] No existe: /mnt/almacenamiento/server/entrega_de_fotos/uploads/prueba/originals/b5451d71042bd855.png
2026-06-11 17:52:16: [watermark.py] [ERROR] No existe: /mnt/almacenamiento/server/entrega_de_fotos/uploads/prueba/originals/1d0ddea66515cfa0.png
2026-06-11 17:52:17: [watermark] Error en 1d0ddea66515cfa0.png: watermark.py fallo (exit 1): [ERROR] No existe: /mnt/almacenamiento/server/entrega_de_fotos/uploads/prueba/originals/1d0ddea66515cfa0.png
2026-06-11 17:52:22: [watermark.py] [ERROR] No existe: /mnt/almacenamiento/server/entrega_de_fotos/uploads/prueba/originals/cd42223130dfd26a.png
2026-06-11 17:52:23: [watermark] Error en cd42223130dfd26a.png: watermark.py fallo (exit 1): [ERROR] No existe: /mnt/almacenamiento/server/entrega_de_fotos/uploads/prueba/originals/cd42223130dfd26a.png
2026-06-11 17:52:26: [watermark.py] [ERROR] No existe: /mnt/almacenamiento/server/entrega_de_fotos/uploads/prueba/originals/ced6b80a412e16a0.png
2026-06-11 17:52:27: [watermark] Error en ced6b80a412e16a0.png: watermark.py fallo (exit 1): [ERROR] No existe: /mnt/almacenamiento/server/entrega_de_fotos/uploads/prueba/originals/ced6b80a412e16a0.png
2026-06-11 17:52:31: [watermark.py] [ERROR] No existe: /mnt/almacenamiento/server/entrega_de_fotos/uploads/prueba/originals/496969335a18b773.png
2026-06-11 17:52:31: [watermark] Error en 496969335a18b773.png: watermark.py fallo (exit 1): [ERROR] No existe: /mnt/almacenamiento/server/entrega_de_fotos/uploads/prueba/originals/496969335a18b773.png
2026-06-11 17:52:35: [watermark.py] [ERROR] No existe: /mnt/almacenamiento/server/entrega_de_fotos/uploads/prueba/originals/c69f0cdcd5612415.png
2026-06-11 17:52:35: [watermark] Error en c69f0cdcd5612415.png: watermark.py fallo (exit 1): [ERROR] No existe: /mnt/almacenamiento/server/entrega_de_fotos/uploads/prueba/originals/c69f0cdcd5612415.png
2026-06-11 17:52:39: [watermark.py] [ERROR] No existe: /mnt/almacenamiento/server/entrega_de_fotos/uploads/prueba/originals/30f127854375a200.png
2026-06-11 17:52:40: [watermark] Error en 30f127854375a200.png: watermark.py fallo (exit 1): [ERROR] No existe: /mnt/almacenamiento/server/entrega_de_fotos/uploads/prueba/originals/30f127854375a200.png
2026-06-11 17:52:43: [watermark.py] [ERROR] No existe: /mnt/almacenamiento/server/entrega_de_fotos/uploads/prueba/originals/a864aa9da2119aa1.png
2026-06-11 17:52:44: [watermark] Error en a864aa9da2119aa1.png: watermark.py fallo (exit 1): [ERROR] No existe: /mnt/almacenamiento/server/entrega_de_fotos/uploads/prueba/originals/a864aa9da2119aa1.png
2026-06-11 17:52:47: [watermark.py] [ERROR] No existe: /mnt/almacenamiento/server/entrega_de_fotos/uploads/prueba/originals/0441551f1907cc75.png
2026-06-11 17:52:48: [watermark] Error en 0441551f1907cc75.png: watermark.py fallo (exit 1): [ERROR] No existe: /mnt/almacenamiento/server/entrega_de_fotos/uploads/prueba/originals/0441551f1907cc75.png
2026-06-11 17:52:51: [watermark.py] [ERROR] No existe: /mnt/almacenamiento/server/entrega_de_fotos/uploads/prueba/originals/f5bd37995a6931e0.png
2026-06-11 17:52:52: [watermark] Error en f5bd37995a6931e0.png: watermark.py fallo (exit 1): [ERROR] No existe: /mnt/almacenamiento/server/entrega_de_fotos/uploads/prueba/originals/f5bd37995a6931e0.png
2026-06-11 17:52:55: [watermark.py] [ERROR] No existe: /mnt/almacenamiento/server/entrega_de_fotos/uploads/prueba/originals/d9734cf5eec78945.png
2026-06-11 17:52:56: [watermark] Error en d9734cf5eec78945.png: watermark.py fallo (exit 1): [ERROR] No existe: /mnt/almacenamiento/server/entrega_de_fotos/uploads/prueba/originals/d9734cf5eec78945.png
2026-06-11 17:53:00: [watermark.py] [ERROR] No existe: /mnt/almacenamiento/server/entrega_de_fotos/uploads/prueba/originals/fb3278d3a4c611c8.png
2026-06-11 17:53:01: [watermark] Error en fb3278d3a4c611c8.png: watermark.py fallo (exit 1): [ERROR] No existe: /mnt/almacenamiento/server/entrega_de_fotos/uploads/prueba/originals/fb3278d3a4c611c8.png
2026-06-11 17:53:04: [watermark.py] [ERROR] No existe: /mnt/almacenamiento/server/entrega_de_fotos/uploads/prueba/originals/72801c6ab2e73284.png
2026-06-11 17:53:05: [watermark] Error en 72801c6ab2e73284.png: watermark.py fallo (exit 1): [ERROR] No existe: /mnt/almacenamiento/server/entrega_de_fotos/uploads/prueba/originals/72801c6ab2e73284.png
2026-06-11 17:53:08: [watermark.py] [ERROR] No existe: /mnt/almacenamiento/server/entrega_de_fotos/uploads/prueba/originals/bfb055ac681c0425.png
2026-06-11 17:53:09: [watermark] Error en bfb055ac681c0425.png: watermark.py fallo (exit 1): [ERROR] No existe: /mnt/almacenamiento/server/entrega_de_fotos/uploads/prueba/originals/bfb055ac681c0425.png
2026-06-11 17:53:13: [watermark.py] [ERROR] No existe: /mnt/almacenamiento/server/entrega_de_fotos/uploads/prueba/originals/7835952898f0967e.png
2026-06-11 17:53:13: [watermark] Error en 7835952898f0967e.png: watermark.py fallo (exit 1): [ERROR] No existe: /mnt/almacenamiento/server/entrega_de_fotos/uploads/prueba/originals/7835952898f0967e.png
2026-06-11 17:53:17: [watermark.py] [ERROR] No existe: /mnt/almacenamiento/server/entrega_de_fotos/uploads/prueba/originals/ad25b2b36e24a5e3.png
2026-06-11 17:53:17: [watermark] Error en ad25b2b36e24a5e3.png: watermark.py fallo (exit 1): [ERROR] No existe: /mnt/almacenamiento/server/entrega_de_fotos/uploads/prueba/originals/ad25b2b36e24a5e3.png
2026-06-11 17:53:21: [watermark.py] [ERROR] No existe: /mnt/almacenamiento/server/entrega_de_fotos/uploads/prueba/originals/9eff6431c5cb7efa.png
2026-06-11 17:53:22: [watermark] Error en 9eff6431c5cb7efa.png: watermark.py fallo (exit 1): [ERROR] No existe: /mnt/almacenamiento/server/entrega_de_fotos/uploads/prueba/originals/9eff6431c5cb7efa.png
2026-06-11 17:53:29: [watermark.py] [ERROR] No existe: /mnt/almacenamiento/server/entrega_de_fotos/uploads/prueba/originals/00306fda56d7034e.png
2026-06-11 17:53:31: [watermark] Error en 00306fda56d7034e.png: watermark.py fallo (exit 1): [ERROR] No existe: /mnt/almacenamiento/server/entrega_de_fotos/uploads/prueba/originals/00306fda56d7034e.png
2026-06-11 17:53:35: [watermark.py] [ERROR] No existe: /mnt/almacenamiento/server/entrega_de_fotos/uploads/prueba/originals/7a7f561267044a60.png
2026-06-11 17:53:35: [watermark] Error en 7a7f561267044a60.png: watermark.py fallo (exit 1): [ERROR] No existe: /mnt/almacenamiento/server/entrega_de_fotos/uploads/prueba/originals/7a7f561267044a60.png
2026-06-11 17:53:39: [watermark.py] [ERROR] No existe: /mnt/almacenamiento/server/entrega_de_fotos/uploads/prueba/originals/7e4ee12e4374541e.png
2026-06-11 17:53:39: [watermark] Error en 7e4ee12e4374541e.png: watermark.py fallo (exit 1): [ERROR] No existe: /mnt/almacenamiento/server/entrega_de_fotos/uploads/prueba/originals/7e4ee12e4374541e.png
2026-06-11 17:53:43: [watermark.py] [ERROR] No existe: /mnt/almacenamiento/server/entrega_de_fotos/uploads/prueba/originals/e0037112eb7f45b9.png
2026-06-11 17:53:43: [watermark] Error en e0037112eb7f45b9.png: watermark.py fallo (exit 1): [ERROR] No existe: /mnt/almacenamiento/server/entrega_de_fotos/uploads/prueba/originals/e0037112eb7f45b9.png
2026-06-11 17:53:46: [watermark.py] [ERROR] No existe: /mnt/almacenamiento/server/entrega_de_fotos/uploads/prueba/originals/01c3b019c6c8c8b1.png
2026-06-11 17:53:47: [watermark] Error en 01c3b019c6c8c8b1.png: watermark.py fallo (exit 1): [ERROR] No existe: /mnt/almacenamiento/server/entrega_de_fotos/uploads/prueba/originals/01c3b019c6c8c8b1.png
2026-06-11 17:53:51: [watermark.py] [ERROR] No existe: /mnt/almacenamiento/server/entrega_de_fotos/uploads/prueba/originals/b7aeb4a71bffe6fb.png
2026-06-11 17:53:52: [watermark] Error en b7aeb4a71bffe6fb.png: watermark.py fallo (exit 1): [ERROR] No existe: /mnt/almacenamiento/server/entrega_de_fotos/uploads/prueba/originals/b7aeb4a71bffe6fb.png
2026-06-11 17:53:55: [watermark.py] [ERROR] No existe: /mnt/almacenamiento/server/entrega_de_fotos/uploads/prueba/originals/c5947caac8832edb.png
2026-06-11 17:53:56: [watermark] Error en c5947caac8832edb.png: watermark.py fallo (exit 1): [ERROR] No existe: /mnt/almacenamiento/server/entrega_de_fotos/uploads/prueba/originals/c5947caac8832edb.png
2026-06-11 17:53:59: [watermark.py] [ERROR] No existe: /mnt/almacenamiento/server/entrega_de_fotos/uploads/prueba/originals/afe97f41307d7055.png
2026-06-11 17:54:00: [watermark] Error en afe97f41307d7055.png: watermark.py fallo (exit 1): [ERROR] No existe: /mnt/almacenamiento/server/entrega_de_fotos/uploads/prueba/originals/afe97f41307d7055.png
2026-06-11 17:54:04: [watermark.py] [ERROR] No existe: /mnt/almacenamiento/server/entrega_de_fotos/uploads/prueba/originals/5ad141c9714fd58d.png
2026-06-11 17:54:04: [watermark] Error en 5ad141c9714fd58d.png: watermark.py fallo (exit 1): [ERROR] No existe: /mnt/almacenamiento/server/entrega_de_fotos/uploads/prueba/originals/5ad141c9714fd58d.png
2026-06-11 17:54:08: [watermark.py] [ERROR] No existe: /mnt/almacenamiento/server/entrega_de_fotos/uploads/prueba/originals/b5d3f06acd6024a7.png
2026-06-11 17:54:09: [watermark] Error en b5d3f06acd6024a7.png: watermark.py fallo (exit 1): [ERROR] No existe: /mnt/almacenamiento/server/entrega_de_fotos/uploads/prueba/originals/b5d3f06acd6024a7.png
2026-06-11 17:54:12: [watermark.py] [ERROR] No existe: /mnt/almacenamiento/server/entrega_de_fotos/uploads/prueba/originals/3790b95526678352.png
2026-06-11 17:54:13: [watermark] Error en 3790b95526678352.png: watermark.py fallo (exit 1): [ERROR] No existe: /mnt/almacenamiento/server/entrega_de_fotos/uploads/prueba/originals/3790b95526678352.png
2026-06-11 17:54:16: [watermark.py] [ERROR] No existe: /mnt/almacenamiento/server/entrega_de_fotos/uploads/prueba/originals/02f4493ba556a28e.png
2026-06-11 17:54:17: [watermark] Error en 02f4493ba556a28e.png: watermark.py fallo (exit 1): [ERROR] No existe: /mnt/almacenamiento/server/entrega_de_fotos/uploads/prueba/originals/02f4493ba556a28e.png
2026-06-11 17:54:20: [watermark.py] [ERROR] No existe: /mnt/almacenamiento/server/entrega_de_fotos/uploads/prueba/originals/37a52ce49a7efe63.png
2026-06-11 17:54:21: [watermark] Error en 37a52ce49a7efe63.png: watermark.py fallo (exit 1): [ERROR] No existe: /mnt/almacenamiento/server/entrega_de_fotos/uploads/prueba/originals/37a52ce49a7efe63.png
2026-06-11 17:54:24: [watermark.py] [ERROR] No existe: /mnt/almacenamiento/server/entrega_de_fotos/uploads/prueba/originals/4b6f11cc0b6853fe.png
2026-06-11 17:54:25: [watermark] Error en 4b6f11cc0b6853fe.png: watermark.py fallo (exit 1): [ERROR] No existe: /mnt/almacenamiento/server/entrega_de_fotos/uploads/prueba/originals/4b6f11cc0b6853fe.png
2026-06-11 17:54:29: [watermark.py] [ERROR] No existe: /mnt/almacenamiento/server/entrega_de_fotos/uploads/prueba/originals/7c068d857d18fe72.png
2026-06-11 17:54:30: [watermark] Error en 7c068d857d18fe72.png: watermark.py fallo (exit 1): [ERROR] No existe: /mnt/almacenamiento/server/entrega_de_fotos/uploads/prueba/originals/7c068d857d18fe72.png
2026-06-11 17:54:33: [watermark.py] [ERROR] No existe: /mnt/almacenamiento/server/entrega_de_fotos/uploads/prueba/originals/d0efe0ef7da39f59.png
2026-06-11 17:54:34: [watermark] Error en d0efe0ef7da39f59.png: watermark.py fallo (exit 1): [ERROR] No existe: /mnt/almacenamiento/server/entrega_de_fotos/uploads/prueba/originals/d0efe0ef7da39f59.png
2026-06-11 17:54:38: [watermark.py] [ERROR] No existe: /mnt/almacenamiento/server/entrega_de_fotos/uploads/prueba/originals/1fcc34f442fc8bc9.png
2026-06-11 17:54:39: [watermark] Error en 1fcc34f442fc8bc9.png: watermark.py fallo (exit 1): [ERROR] No existe: /mnt/almacenamiento/server/entrega_de_fotos/uploads/prueba/originals/1fcc34f442fc8bc9.png
2026-06-11 17:54:42: [watermark.py] [ERROR] No existe: /mnt/almacenamiento/server/entrega_de_fotos/uploads/prueba/originals/c0c3ab96e83cdbc1.png
2026-06-11 17:54:43: [watermark] Error en c0c3ab96e83cdbc1.png: watermark.py fallo (exit 1): [ERROR] No existe: /mnt/almacenamiento/server/entrega_de_fotos/uploads/prueba/originals/c0c3ab96e83cdbc1.png
2026-06-11 17:54:50: [watermark.py] [ERROR] No existe: /mnt/almacenamiento/server/entrega_de_fotos/uploads/prueba/originals/74cd8dc107fa2b4d.png
2026-06-11 17:54:51: [watermark] Error en 74cd8dc107fa2b4d.png: watermark.py fallo (exit 1): [ERROR] No existe: /mnt/almacenamiento/server/entrega_de_fotos/uploads/prueba/originals/74cd8dc107fa2b4d.png
2026-06-11 17:54:54: [watermark.py] [ERROR] No existe: /mnt/almacenamiento/server/entrega_de_fotos/uploads/prueba/originals/69f1a68d3aa62f22.png
2026-06-11 17:54:55: [watermark] Error en 69f1a68d3aa62f22.png: watermark.py fallo (exit 1): [ERROR] No existe: /mnt/almacenamiento/server/entrega_de_fotos/uploads/prueba/originals/69f1a68d3aa62f22.png
2026-06-11 17:54:58: [watermark.py] [ERROR] No existe: /mnt/almacenamiento/server/entrega_de_fotos/uploads/prueba/originals/a5e5dbeefcf21a93.png
2026-06-11 17:54:59: [watermark] Error en a5e5dbeefcf21a93.png: watermark.py fallo (exit 1): [ERROR] No existe: /mnt/almacenamiento/server/entrega_de_fotos/uploads/prueba/originals/a5e5dbeefcf21a93.png
2026-06-11 17:55:03: [watermark.py] [ERROR] No existe: /mnt/almacenamiento/server/entrega_de_fotos/uploads/prueba/originals/32f04f7793f23081.png
2026-06-11 17:55:04: [watermark] Error en 32f04f7793f23081.png: watermark.py fallo (exit 1): [ERROR] No existe: /mnt/almacenamiento/server/entrega_de_fotos/uploads/prueba/originals/32f04f7793f23081.png
2026-06-11 17:55:08: [watermark.py] [ERROR] No existe: /mnt/almacenamiento/server/entrega_de_fotos/uploads/prueba/originals/81e3782648cdc7e6.png
2026-06-11 17:55:09: [watermark] Error en 81e3782648cdc7e6.png: watermark.py fallo (exit 1): [ERROR] No existe: /mnt/almacenamiento/server/entrega_de_fotos/uploads/prueba/originals/81e3782648cdc7e6.png
2026-06-11 17:55:13: [watermark.py] [ERROR] No existe: /mnt/almacenamiento/server/entrega_de_fotos/uploads/prueba/originals/99030998ce063a08.png
2026-06-11 17:55:14: [watermark] Error en 99030998ce063a08.png: watermark.py fallo (exit 1): [ERROR] No existe: /mnt/almacenamiento/server/entrega_de_fotos/uploads/prueba/originals/99030998ce063a08.png
2026-06-11 17:55:17: [watermark.py] [ERROR] No existe: /mnt/almacenamiento/server/entrega_de_fotos/uploads/prueba/originals/b062217bab38376a.png
2026-06-11 17:55:18: [watermark] Error en b062217bab38376a.png: watermark.py fallo (exit 1): [ERROR] No existe: /mnt/almacenamiento/server/entrega_de_fotos/uploads/prueba/originals/b062217bab38376a.png
2026-06-11 17:55:21: [watermark.py] [ERROR] No existe: /mnt/almacenamiento/server/entrega_de_fotos/uploads/prueba/originals/4a933353ccf4a2cf.png
2026-06-11 17:55:22: [watermark] Error en 4a933353ccf4a2cf.png: watermark.py fallo (exit 1): [ERROR] No existe: /mnt/almacenamiento/server/entrega_de_fotos/uploads/prueba/originals/4a933353ccf4a2cf.png
2026-06-11 17:55:25: [watermark.py] [ERROR] No existe: /mnt/almacenamiento/server/entrega_de_fotos/uploads/prueba/originals/5e44fd494b59231e.png
2026-06-11 17:55:26: [watermark] Error en 5e44fd494b59231e.png: watermark.py fallo (exit 1): [ERROR] No existe: /mnt/almacenamiento/server/entrega_de_fotos/uploads/prueba/originals/5e44fd494b59231e.png
2026-06-11 17:55:29: [watermark.py] [ERROR] No existe: /mnt/almacenamiento/server/entrega_de_fotos/uploads/prueba/originals/429213264966cf7e.png
2026-06-11 17:55:30: [watermark] Error en 429213264966cf7e.png: watermark.py fallo (exit 1): [ERROR] No existe: /mnt/almacenamiento/server/entrega_de_fotos/uploads/prueba/originals/429213264966cf7e.png
2026-06-11 17:55:33: [watermark.py] [ERROR] No existe: /mnt/almacenamiento/server/entrega_de_fotos/uploads/prueba/originals/ae56ad38b117edd1.png
2026-06-11 17:55:34: [watermark] Error en ae56ad38b117edd1.png: watermark.py fallo (exit 1): [ERROR] No existe: /mnt/almacenamiento/server/entrega_de_fotos/uploads/prueba/originals/ae56ad38b117edd1.png
2026-06-11 17:55:38: [watermark.py] [ERROR] No existe: /mnt/almacenamiento/server/entrega_de_fotos/uploads/prueba/originals/cdc5c922f545d6d4.png
2026-06-11 17:55:39: [watermark] Error en cdc5c922f545d6d4.png: watermark.py fallo (exit 1): [ERROR] No existe: /mnt/almacenamiento/server/entrega_de_fotos/uploads/prueba/originals/cdc5c922f545d6d4.png
2026-06-11 17:55:42: [watermark.py] [ERROR] No existe: /mnt/almacenamiento/server/entrega_de_fotos/uploads/prueba/originals/75d4e37c62d1ae2e.png
2026-06-11 17:55:43: [watermark] Error en 75d4e37c62d1ae2e.png: watermark.py fallo (exit 1): [ERROR] No existe: /mnt/almacenamiento/server/entrega_de_fotos/uploads/prueba/originals/75d4e37c62d1ae2e.png
2026-06-11 17:55:46: [watermark.py] [ERROR] No existe: /mnt/almacenamiento/server/entrega_de_fotos/uploads/prueba/originals/1f5eaad87d7e626f.png
2026-06-11 17:55:47: [watermark] Error en 1f5eaad87d7e626f.png: watermark.py fallo (exit 1): [ERROR] No existe: /mnt/almacenamiento/server/entrega_de_fotos/uploads/prueba/originals/1f5eaad87d7e626f.png
2026-06-11 17:55:51: [watermark.py] [ERROR] No existe: /mnt/almacenamiento/server/entrega_de_fotos/uploads/prueba/originals/992b1cbf0418691b.png
2026-06-11 17:55:52: [watermark] Error en 992b1cbf0418691b.png: watermark.py fallo (exit 1): [ERROR] No existe: /mnt/almacenamiento/server/entrega_de_fotos/uploads/prueba/originals/992b1cbf0418691b.png
2026-06-11 17:55:55: [watermark.py] [ERROR] No existe: /mnt/almacenamiento/server/entrega_de_fotos/uploads/prueba/originals/debc4423244e178a.png
2026-06-11 17:55:56: [watermark] Error en debc4423244e178a.png: watermark.py fallo (exit 1): [ERROR] No existe: /mnt/almacenamiento/server/entrega_de_fotos/uploads/prueba/originals/debc4423244e178a.png
2026-06-11 17:55:59: [watermark.py] [ERROR] No existe: /mnt/almacenamiento/server/entrega_de_fotos/uploads/prueba/originals/a35697922ec0b8a7.png
2026-06-11 17:56:00: [watermark] Error en a35697922ec0b8a7.png: watermark.py fallo (exit 1): [ERROR] No existe: /mnt/almacenamiento/server/entrega_de_fotos/uploads/prueba/originals/a35697922ec0b8a7.png
2026-06-11 17:56:03: [watermark.py] [ERROR] No existe: /mnt/almacenamiento/server/entrega_de_fotos/uploads/prueba/originals/0057f12ea8f84d44.png
2026-06-11 17:56:04: [watermark] Error en 0057f12ea8f84d44.png: watermark.py fallo (exit 1): [ERROR] No existe: /mnt/almacenamiento/server/entrega_de_fotos/uploads/prueba/originals/0057f12ea8f84d44.png
2026-06-11 17:56:07: [watermark.py] [ERROR] No existe: /mnt/almacenamiento/server/entrega_de_fotos/uploads/prueba/originals/af960fccf5bb06ba.png
2026-06-11 17:56:08: [watermark] Error en af960fccf5bb06ba.png: watermark.py fallo (exit 1): [ERROR] No existe: /mnt/almacenamiento/server/entrega_de_fotos/uploads/prueba/originals/af960fccf5bb06ba.png
2026-06-11 17:56:12: [watermark.py] [ERROR] No existe: /mnt/almacenamiento/server/entrega_de_fotos/uploads/prueba/originals/473ca9e1bfc89d0b.png
2026-06-11 17:56:13: [watermark] Error en 473ca9e1bfc89d0b.png: watermark.py fallo (exit 1): [ERROR] No existe: /mnt/almacenamiento/server/entrega_de_fotos/uploads/prueba/originals/473ca9e1bfc89d0b.png
2026-06-11 17:56:16: [watermark.py] [ERROR] No existe: /mnt/almacenamiento/server/entrega_de_fotos/uploads/prueba/originals/59d4b7a7c8538236.png
2026-06-11 17:56:17: [watermark] Error en 59d4b7a7c8538236.png: watermark.py fallo (exit 1): [ERROR] No existe: /mnt/almacenamiento/server/entrega_de_fotos/uploads/prueba/originals/59d4b7a7c8538236.png
2026-06-11 17:56:20: [watermark.py] [ERROR] No existe: /mnt/almacenamiento/server/entrega_de_fotos/uploads/prueba/originals/a778291ede5ff3e7.png
2026-06-11 17:56:21: [watermark] Error en a778291ede5ff3e7.png: watermark.py fallo (exit 1): [ERROR] No existe: /mnt/almacenamiento/server/entrega_de_fotos/uploads/prueba/originals/a778291ede5ff3e7.png
2026-06-11 17:56:24: [watermark.py] [ERROR] No existe: /mnt/almacenamiento/server/entrega_de_fotos/uploads/prueba/originals/f8208a28ec471022.png
2026-06-11 17:56:25: [watermark] Error en f8208a28ec471022.png: watermark.py fallo (exit 1): [ERROR] No existe: /mnt/almacenamiento/server/entrega_de_fotos/uploads/prueba/originals/f8208a28ec471022.png
2026-06-11 17:56:28: [watermark.py] [ERROR] No existe: /mnt/almacenamiento/server/entrega_de_fotos/uploads/prueba/originals/def26693aa88f8dc.png
2026-06-11 17:56:29: [watermark] Error en def26693aa88f8dc.png: watermark.py fallo (exit 1): [ERROR] No existe: /mnt/almacenamiento/server/entrega_de_fotos/uploads/prueba/originals/def26693aa88f8dc.png
2026-06-11 17:56:32: [watermark.py] [ERROR] No existe: /mnt/almacenamiento/server/entrega_de_fotos/uploads/prueba/originals/93a0a34142c93fe1.png
2026-06-11 17:56:33: [watermark] Error en 93a0a34142c93fe1.png: watermark.py fallo (exit 1): [ERROR] No existe: /mnt/almacenamiento/server/entrega_de_fotos/uploads/prueba/originals/93a0a34142c93fe1.png
2026-06-11 17:56:40: [watermark.py] [ERROR] No existe: /mnt/almacenamiento/server/entrega_de_fotos/uploads/prueba/originals/38929f3fc86d8753.png
2026-06-11 17:56:42: [watermark] Error en 38929f3fc86d8753.png: watermark.py fallo (exit 1): [ERROR] No existe: /mnt/almacenamiento/server/entrega_de_fotos/uploads/prueba/originals/38929f3fc86d8753.png
2026-06-11 17:56:45: [watermark.py] [ERROR] No existe: /mnt/almacenamiento/server/entrega_de_fotos/uploads/prueba/originals/d5c4afe1b32bc256.png
2026-06-11 17:56:46: [watermark] Error en d5c4afe1b32bc256.png: watermark.py fallo (exit 1): [ERROR] No existe: /mnt/almacenamiento/server/entrega_de_fotos/uploads/prueba/originals/d5c4afe1b32bc256.png
2026-06-11 17:56:49: [watermark.py] [ERROR] No existe: /mnt/almacenamiento/server/entrega_de_fotos/uploads/prueba/originals/c35ccdf896ec1940.png
2026-06-11 17:56:50: [watermark] Error en c35ccdf896ec1940.png: watermark.py fallo (exit 1): [ERROR] No existe: /mnt/almacenamiento/server/entrega_de_fotos/uploads/prueba/originals/c35ccdf896ec1940.png
2026-06-11 17:56:54: [watermark.py] [ERROR] No existe: /mnt/almacenamiento/server/entrega_de_fotos/uploads/prueba/originals/9fcca2f26e3fc848.png
2026-06-11 17:56:55: [watermark] Error en 9fcca2f26e3fc848.png: watermark.py fallo (exit 1): [ERROR] No existe: /mnt/almacenamiento/server/entrega_de_fotos/uploads/prueba/originals/9fcca2f26e3fc848.png
2026-06-11 17:57:02: [watermark.py] [ERROR] No existe: /mnt/almacenamiento/server/entrega_de_fotos/uploads/prueba/originals/3001874cd2ed7dae.png
2026-06-11 17:57:03: [watermark] Error en 3001874cd2ed7dae.png: watermark.py fallo (exit 1): [ERROR] No existe: /mnt/almacenamiento/server/entrega_de_fotos/uploads/prueba/originals/3001874cd2ed7dae.png
2026-06-11 17:57:07: [watermark.py] [ERROR] No existe: /mnt/almacenamiento/server/entrega_de_fotos/uploads/prueba/originals/374552f3220fe69d.png
2026-06-11 17:57:07: [watermark] Error en 374552f3220fe69d.png: watermark.py fallo (exit 1): [ERROR] No existe: /mnt/almacenamiento/server/entrega_de_fotos/uploads/prueba/originals/374552f3220fe69d.png
2026-06-11 17:57:11: [watermark.py] [ERROR] No existe: /mnt/almacenamiento/server/entrega_de_fotos/uploads/prueba/originals/74fe52e802ee79f9.png
2026-06-11 17:57:12: [watermark] Error en 74fe52e802ee79f9.png: watermark.py fallo (exit 1): [ERROR] No existe: /mnt/almacenamiento/server/entrega_de_fotos/uploads/prueba/originals/74fe52e802ee79f9.png
2026-06-11 17:57:15: [watermark.py] [ERROR] No existe: /mnt/almacenamiento/server/entrega_de_fotos/uploads/prueba/originals/59176b5435d5f9d6.png
2026-06-11 17:57:16: [watermark] Error en 59176b5435d5f9d6.png: watermark.py fallo (exit 1): [ERROR] No existe: /mnt/almacenamiento/server/entrega_de_fotos/uploads/prueba/originals/59176b5435d5f9d6.png
2026-06-11 17:57:20: [watermark.py] [ERROR] No existe: /mnt/almacenamiento/server/entrega_de_fotos/uploads/prueba/originals/99f065f74b70bff6.png
2026-06-11 17:57:21: [watermark] Error en 99f065f74b70bff6.png: watermark.py fallo (exit 1): [ERROR] No existe: /mnt/almacenamiento/server/entrega_de_fotos/uploads/prueba/originals/99f065f74b70bff6.png
2026-06-11 17:57:24: [watermark.py] [ERROR] No existe: /mnt/almacenamiento/server/entrega_de_fotos/uploads/prueba/originals/ffe1c13f3c9a00a7.png
2026-06-11 17:57:25: [watermark] Error en ffe1c13f3c9a00a7.png: watermark.py fallo (exit 1): [ERROR] No existe: /mnt/almacenamiento/server/entrega_de_fotos/uploads/prueba/originals/ffe1c13f3c9a00a7.png
2026-06-11 17:57:28: [watermark.py] [ERROR] No existe: /mnt/almacenamiento/server/entrega_de_fotos/uploads/prueba/originals/2f8a8917b53e8f40.png
2026-06-11 17:57:29: [watermark] Error en 2f8a8917b53e8f40.png: watermark.py fallo (exit 1): [ERROR] No existe: /mnt/almacenamiento/server/entrega_de_fotos/uploads/prueba/originals/2f8a8917b53e8f40.png
2026-06-11 17:57:32: [watermark.py] [ERROR] No existe: /mnt/almacenamiento/server/entrega_de_fotos/uploads/prueba/originals/d7690c697c9af706.png
2026-06-11 17:57:33: [watermark] Error en d7690c697c9af706.png: watermark.py fallo (exit 1): [ERROR] No existe: /mnt/almacenamiento/server/entrega_de_fotos/uploads/prueba/originals/d7690c697c9af706.png
2026-06-11 17:57:39: [watermark.py] [ERROR] No existe: /mnt/almacenamiento/server/entrega_de_fotos/uploads/prueba/originals/0bc30d065de4ff2e.png
2026-06-11 17:57:41: [watermark] Error en 0bc30d065de4ff2e.png: watermark.py fallo (exit 1): [ERROR] No existe: /mnt/almacenamiento/server/entrega_de_fotos/uploads/prueba/originals/0bc30d065de4ff2e.png
2026-06-11 17:57:45: [watermark.py] [ERROR] No existe: /mnt/almacenamiento/server/entrega_de_fotos/uploads/prueba/originals/e8d5c97dde83d194.png
2026-06-11 17:57:46: [watermark] Error en e8d5c97dde83d194.png: watermark.py fallo (exit 1): [ERROR] No existe: /mnt/almacenamiento/server/entrega_de_fotos/uploads/prueba/originals/e8d5c97dde83d194.png
2026-06-11 17:57:49: [watermark.py] [ERROR] No existe: /mnt/almacenamiento/server/entrega_de_fotos/uploads/prueba/originals/4d145c62d18bc615.png
2026-06-11 17:57:50: [watermark] Error en 4d145c62d18bc615.png: watermark.py fallo (exit 1): [ERROR] No existe: /mnt/almacenamiento/server/entrega_de_fotos/uploads/prueba/originals/4d145c62d18bc615.png
2026-06-11 17:57:53: [watermark.py] [ERROR] No existe: /mnt/almacenamiento/server/entrega_de_fotos/uploads/prueba/originals/919cf58fbb2a452e.png
2026-06-11 17:57:54: [watermark] Error en 919cf58fbb2a452e.png: watermark.py fallo (exit 1): [ERROR] No existe: /mnt/almacenamiento/server/entrega_de_fotos/uploads/prueba/originals/919cf58fbb2a452e.png
2026-06-11 17:57:57: [watermark.py] [ERROR] No existe: /mnt/almacenamiento/server/entrega_de_fotos/uploads/prueba/originals/2963d71e5ce15c75.png
2026-06-11 17:57:58: [watermark] Error en 2963d71e5ce15c75.png: watermark.py fallo (exit 1): [ERROR] No existe: /mnt/almacenamiento/server/entrega_de_fotos/uploads/prueba/originals/2963d71e5ce15c75.png
2026-06-11 17:58:02: [watermark.py] [ERROR] No existe: /mnt/almacenamiento/server/entrega_de_fotos/uploads/prueba/originals/22f09731a6bb3b4e.png
2026-06-11 17:58:03: [watermark] Error en 22f09731a6bb3b4e.png: watermark.py fallo (exit 1): [ERROR] No existe: /mnt/almacenamiento/server/entrega_de_fotos/uploads/prueba/originals/22f09731a6bb3b4e.png
2026-06-11 17:58:06: [watermark.py] [ERROR] No existe: /mnt/almacenamiento/server/entrega_de_fotos/uploads/prueba/originals/85847bc894059072.png
2026-06-11 17:58:07: [watermark] Error en 85847bc894059072.png: watermark.py fallo (exit 1): [ERROR] No existe: /mnt/almacenamiento/server/entrega_de_fotos/uploads/prueba/originals/85847bc894059072.png
2026-06-11 17:58:11: [watermark.py] [ERROR] No existe: /mnt/almacenamiento/server/entrega_de_fotos/uploads/prueba/originals/97da7339523ac828.png
2026-06-11 17:58:11: [watermark] Error en 97da7339523ac828.png: watermark.py fallo (exit 1): [ERROR] No existe: /mnt/almacenamiento/server/entrega_de_fotos/uploads/prueba/originals/97da7339523ac828.png
2026-06-11 17:58:15: [watermark.py] [ERROR] No existe: /mnt/almacenamiento/server/entrega_de_fotos/uploads/prueba/originals/3d2406a2eac607b9.png
2026-06-11 17:58:16: [watermark] Error en 3d2406a2eac607b9.png: watermark.py fallo (exit 1): [ERROR] No existe: /mnt/almacenamiento/server/entrega_de_fotos/uploads/prueba/originals/3d2406a2eac607b9.png
2026-06-11 17:58:19: [watermark.py] [ERROR] No existe: /mnt/almacenamiento/server/entrega_de_fotos/uploads/prueba/originals/d093ef50ce1c8e25.png
2026-06-11 17:58:20: [watermark] Error en d093ef50ce1c8e25.png: watermark.py fallo (exit 1): [ERROR] No existe: /mnt/almacenamiento/server/entrega_de_fotos/uploads/prueba/originals/d093ef50ce1c8e25.png
2026-06-11 17:58:24: [watermark.py] [ERROR] No existe: /mnt/almacenamiento/server/entrega_de_fotos/uploads/prueba/originals/65dece6a4b038565.png
2026-06-11 17:58:24: [watermark] Error en 65dece6a4b038565.png: watermark.py fallo (exit 1): [ERROR] No existe: /mnt/almacenamiento/server/entrega_de_fotos/uploads/prueba/originals/65dece6a4b038565.png
2026-06-11 17:58:28: [watermark.py] [ERROR] No existe: /mnt/almacenamiento/server/entrega_de_fotos/uploads/prueba/originals/79fc0f861153b592.png
2026-06-11 17:58:29: [watermark] Error en 79fc0f861153b592.png: watermark.py fallo (exit 1): [ERROR] No existe: /mnt/almacenamiento/server/entrega_de_fotos/uploads/prueba/originals/79fc0f861153b592.png
2026-06-11 18:39:00: [watermark] Verificacion dudosa tras 2 intento(s), se acepta: 6cbe67f6f2626fc6.jpg
2026-06-11 18:39:43: [watermark] Verificacion dudosa tras 2 intento(s), se acepta: a1a35b510a581891.jpg
2026-06-11 18:40:06: [watermark] Verificacion dudosa tras 2 intento(s), se acepta: 1412e357c6ee4415.jpg
2026-06-11 18:41:00: [watermark] Verificacion dudosa tras 2 intento(s), se acepta: 7125784c6590b565.jpg
2026-06-11 18:42:34: [watermark] Verificacion dudosa tras 2 intento(s), se acepta: e5dbf64e3f1d4afc.jpg
2026-06-12 00:15:11: [watermark] Verificacion dudosa tras 2 intento(s), se acepta: 2546bbb2b4ddd398.jpg
